<?xml version="1.0" encoding="UTF-8"?>
<!-- Generated by org.testng.reporters.JUnitReportReporter -->
<testsuite hostname="DESKTOP-LQPAV3G" name="com.selenium.grid.GridTest" tests="2" failures="0" timestamp="6 May 2017 20:17:36 GMT" time="12.187" errors="0">
  <testcase name="test_01" time="5.913" classname="com.selenium.grid.GridTest"/>
  <testcase name="test_01" time="6.274" classname="com.selenium.grid.GridTest"/>
</testsuite> <!-- com.selenium.grid.GridTest -->
