<?xml version="1.0" encoding="UTF-8"?>
<!-- Generated by org.testng.reporters.JUnitReportReporter -->
<testsuite hostname="DESKTOP-LQPAV3G" name="com.selenium.grid.GridTest" tests="4" failures="0" timestamp="6 May 2017 21:35:37 GMT" time="49.152" errors="0">
  <testcase name="test_01" time="11.763" classname="com.selenium.grid.GridTest"/>
  <testcase name="test_02" time="11.430" classname="com.selenium.grid.GridTest"/>
  <testcase name="test_02" time="12.761" classname="com.selenium.grid.GridTest"/>
  <testcase name="test_01" time="13.198" classname="com.selenium.grid.GridTest"/>
</testsuite> <!-- com.selenium.grid.GridTest -->
